
******************LOG PROCESO ROBOT**************************
Fecha Inicio: 2025-07-11 09:01:32
Nombre Isapre: Banmedica
Proceso: Descarga de bonos
2025-07-11 Detalles pacientes:
    folio_pam num_cuenta  ... monto_bonificado fecha_ingreso_estado_pam
0  2331505645      24966  ...         $188.537         12-06-2025 12:40
1  2331506303      24969  ...         $347.259         13-06-2025 14:20
2  2331505649      24974  ...         $162.353         16-06-2025 11:50

[3 rows x 8 columns]
2025-07-11 Detalles bonos:
   folio_colilla folio_interno  ... monto_prestacion monto_ayuda
0       13392946     377455171  ...         $ 77.186    $ 61.749
1       13392946     377455174  ...        $ 244.099    $ 32.882
2       13392946     377455173  ...        $ 258.424    $ 84.515
3       13392946     377455172  ...         $ 25.842     $ 9.391
4       13393919     377455175  ...         $ 77.187    $ 69.468
5       13393919     377455178  ...        $ 244.099    $ 77.995
6       13393919     377455177  ...        $ 258.424   $ 179.816
7       13393919     377455176  ...         $ 25.842    $ 19.980
8       13392950     377455179  ...         $ 77.185    $ 38.593
9       13392950     377455182  ...        $ 244.099    $ 10.380
10      13392950     377455181  ...        $ 258.424   $ 113.380
11      13392950     377455180  ...         $ 25.842         $ 0

[12 rows x 7 columns]
Fecha Fin: 2025-07-11 09:04:07
*************************************************************

******************LOG PROCESO ROBOT**************************
Fecha Inicio: 2025-07-11 09:20:43
Nombre Isapre: Banmedica
Proceso: Descarga de bonos
Fecha Fin: 2025-07-11 09:21:34
*************************************************************

******************LOG PROCESO ROBOT**************************
Fecha Inicio: 2025-07-11 09:22:50
Nombre Isapre: Banmedica
Proceso: Descarga de bonos
2025-07-11 No se encuentran Bonos por emitir en isapre Banmedica
Fecha Fin: 2025-07-11 09:23:39
*************************************************************

******************LOG PROCESO ROBOT**************************
Fecha Inicio: 2025-07-11 11:37:13
Nombre Isapre: Banmedica
Proceso: Descarga de bonos
2025-07-11 Detalles pacientes:
    folio_pam num_cuenta  ... monto_bonificado fecha_ingreso_estado_pam
0  2331505645      24966  ...         $188.537         12-06-2025 12:40
1  2331506303      24969  ...         $347.259         13-06-2025 14:20
2  2331505649      24974  ...         $162.353         16-06-2025 11:50

[3 rows x 8 columns]
2025-07-11 Detalles bonos:
   folio_colilla folio_interno  ... monto_prestacion monto_ayuda
0       13392946     377455171  ...         $ 77.186    $ 61.749
1       13392946     377455174  ...        $ 244.099    $ 32.882
2       13392946     377455173  ...        $ 258.424    $ 84.515
3       13392946     377455172  ...         $ 25.842     $ 9.391
4       13393919     377455175  ...         $ 77.187    $ 69.468
5       13393919     377455178  ...        $ 244.099    $ 77.995
6       13393919     377455177  ...        $ 258.424   $ 179.816
7       13393919     377455176  ...         $ 25.842    $ 19.980
8       13392950     377455179  ...         $ 77.185    $ 38.593
9       13392950     377455182  ...        $ 244.099    $ 10.380
10      13392950     377455181  ...        $ 258.424   $ 113.380
11      13392950     377455180  ...         $ 25.842         $ 0

[12 rows x 7 columns]
Fecha Fin: 2025-07-11 11:39:50
*************************************************************
hola marcos esta es la ruta por isapres para almacenar el log del proceso 
******************LOG PROCESO VINCULACION BONOS******************
Fecha Inicio: 2025-07-11 15:41:16
hola marcos esta es la ruta por isapres para almacenar el log del proceso 
******************LOG PROCESO VINCULACION BONOS******************
Fecha Inicio: 2025-07-11 15:44:10
hola marcos esta es la ruta por isapres para almacenar el log del proceso 
Fecha Fin: 2025-07-11 15:44:10
*************************************************************

******************LOG PROCESO ROBOT**************************
Fecha Inicio: 2025-07-11 15:57:44
Nombre Isapre: Banmedica
Proceso: Descarga de bonos
2025-07-11 Detalles pacientes:
    folio_pam num_cuenta  ... monto_bonificado fecha_ingreso_estado_pam
0  2331505645      24966  ...         $188.537         12-06-2025 12:40
1  2331506303      24969  ...         $347.259         13-06-2025 14:20
2  2331505649      24974  ...         $162.353         16-06-2025 11:50

[3 rows x 8 columns]
2025-07-11 Detalles bonos:
   folio_colilla folio_interno  ... monto_prestacion monto_ayuda
0       13392946     377455171  ...         $ 77.186    $ 61.749
1       13392946     377455174  ...        $ 244.099    $ 32.882
2       13392946     377455173  ...        $ 258.424    $ 84.515
3       13392946     377455172  ...         $ 25.842     $ 9.391
4       13393919     377455175  ...         $ 77.187    $ 69.468
5       13393919     377455178  ...        $ 244.099    $ 77.995
6       13393919     377455177  ...        $ 258.424   $ 179.816
7       13393919     377455176  ...         $ 25.842    $ 19.980
8       13392950     377455179  ...         $ 77.185    $ 38.593
9       13392950     377455182  ...        $ 244.099    $ 10.380
10      13392950     377455181  ...        $ 258.424   $ 113.380
11      13392950     377455180  ...         $ 25.842         $ 0

[12 rows x 7 columns]
Fecha Fin: 2025-07-11 16:00:25
*************************************************************
