******************LOG PROCESO ROBOT**************************
Fecha Inicio: 2025-07-14 11:41:03
Nombre Isapre: Banmedica
Proceso: Descarga de bonos
2025-07-14 Detalles pacientes:
    folio_pam rut_afiliado monto_facturado monto_bonificado fecha_ingreso_estado_pam
0  2331505645  6.743.584-2        $605.551         $188.537         12-06-2025 12:40
1  2331506303  8.711.856-8        $605.552         $347.259         13-06-2025 14:20
2  2331505649  5.717.939-2        $605.550         $162.353         16-06-2025 11:50
2025-07-14 Detalles bonos:
   folio_colilla folio_interno fecha_recepcion monto_prestacion monto_ayuda
0       13392946     377455171      23/06/2025         $ 77.186    $ 61.749
1       13392946     377455174      23/06/2025        $ 244.099    $ 32.882
2       13392946     377455173      23/06/2025        $ 258.424    $ 84.515
3       13392946     377455172      23/06/2025         $ 25.842     $ 9.391
4       13393919     377455175      23/06/2025         $ 77.187    $ 69.468
5       13393919     377455178      23/06/2025        $ 244.099    $ 77.995
6       13393919     377455177      23/06/2025        $ 258.424   $ 179.816
7       13393919     377455176      23/06/2025         $ 25.842    $ 19.980
8       13392950     377455179      23/06/2025         $ 77.185    $ 38.593
9       13392950     377455182      23/06/2025        $ 244.099    $ 10.380
10      13392950     377455181      23/06/2025        $ 258.424   $ 113.380
11      13392950     377455180      23/06/2025         $ 25.842         $ 0
Fecha Fin: 2025-07-14 11:43:33
*************************************************************
